<?xml version="1.0" encoding="UTF-8"?>
<!-- Generated by org.testng.reporters.JUnitXMLReporter -->
<testsuite hostname="LT-EONYANGO" ignored="0" name="The Internet" tests="8" failures="0" timestamp="2021-03-13T05:59:16 EAT" time="178.281" errors="0">
  <testcase name="alert" time="53.453" classname="elementSuite.ContextMenu"/>
  <testcase name="exclusion" time="57.326" classname="elementSuite.AddRemove"/>
  <testcase name="addCheckBox" time="61.744" classname="elementSuite.DynamicContent"/>
  <testcase name="contextClick" time="16.147" classname="elementSuite.ContextMenu"/>
  <testcase name="inclusion" time="15.449" classname="elementSuite.AddRemove"/>
  <testcase name="disableInputField" time="52.709" classname="elementSuite.DynamicContent"/>
  <testcase name="enableInputField" time="15.964" classname="elementSuite.DynamicContent"/>
  <testcase name="removeCheckBox" time="47.812" classname="elementSuite.DynamicContent"/>
</testsuite> <!-- The Internet -->
