<?xml version="1.0" encoding="UTF-8"?>
<!-- Generated by org.testng.reporters.JUnitXMLReporter -->
<testsuite hostname="LT-EONYANGO" ignored="0" name="The Internet" tests="11" failures="0" timestamp="2021-03-22T15:59:31 EAT" time="127.585" errors="0">
  <testcase name="exclusion" time="15.593" classname="elementSuite.AddRemoveTest"/>
  <testcase name="inclusion" time="0.456" classname="elementSuite.AddRemoveTest"/>
  <testcase name="addCheckBox" time="7.345" classname="elementSuite.DynamicContentTest"/>
  <testcase name="disableInputField" time="7.153" classname="elementSuite.DynamicContentTest"/>
  <testcase name="enableInputField" time="4.341" classname="elementSuite.DynamicContentTest"/>
  <testcase name="removeCheckBox" time="3.796" classname="elementSuite.DynamicContentTest"/>
  <testcase name="alert" time="1.013" classname="elementSuite.ContextMenuTest"/>
  <testcase name="contextClick" time="0.538" classname="elementSuite.ContextMenuTest"/>
  <testcase name="loginFullCreds" time="1.989" classname="elementSuite.LoginTest"/>
  <testcase name="loginWrongPassword" time="1.498" classname="elementSuite.LoginTest"/>
  <testcase name="loginWrongUserName" time="2.234" classname="elementSuite.LoginTest"/>
</testsuite> <!-- The Internet -->
