<?xml version="1.0" encoding="UTF-8"?>
<!-- Generated by org.testng.reporters.JUnitXMLReporter -->
<testsuite hostname="LT-EONYANGO" ignored="0" name="Default test" tests="3" failures="0" timestamp="2021-03-16T14:35:27 EAT" time="72.417" errors="0">
  <testcase name="loginFullCreds" time="45.492" classname="elementSuite.Login"/>
  <testcase name="loginWrongPassword" time="13.757" classname="elementSuite.Login"/>
  <testcase name="loginWrongUserName" time="13.1" classname="elementSuite.Login"/>
</testsuite> <!-- Default test -->
