<?xml version="1.0" encoding="UTF-8"?>
<!-- Generated by org.testng.reporters.JUnitXMLReporter -->
<testsuite ignored="0" hostname="Demore" failures="0" tests="3" name="Default test" time="165.051" errors="0" timestamp="2021-04-07T15:45:26 EAT">
  <testcase classname="cucumber.api.testng.AbstractTestNGCucumberTests" name="feature" time="51.59"/>
  <testcase classname="cucumber.api.testng.AbstractTestNGCucumberTests" name="feature" time="53.071"/>
  <testcase classname="cucumber.api.testng.AbstractTestNGCucumberTests" name="feature" time="59.258"/>
</testsuite> <!-- Default test -->
