<?xml version="1.0" encoding="UTF-8"?>
<!-- Generated by org.testng.reporters.JUnitXMLReporter -->
<testsuite ignored="0" hostname="DESKTOP-3PM2OQL" failures="0" tests="3" name="Cucumber Tests" time="144.75" errors="0" timestamp="2024-04-17T10:38:53 EAT">
  <testcase classname="cucumber.api.testng.AbstractTestNGCucumberTests" name="feature" time="38.759"/>
  <testcase classname="cucumber.api.testng.AbstractTestNGCucumberTests" name="feature" time="80.466"/>
  <testcase classname="cucumber.api.testng.AbstractTestNGCucumberTests" name="feature" time="25.081"/>
</testsuite> <!-- Cucumber Tests -->
