<?xml version="1.0" encoding="UTF-8"?>
<testng-results skipped="0" failed="0" ignored="0" total="2" passed="2">
  <reporter-output>
  </reporter-output>
  <suite name="Default suite" duration-ms="34263" started-at="2021-03-31T11:20:51 EAT" finished-at="2021-03-31T11:21:25 EAT">
    <groups>
    </groups>
    <test name="Default test" duration-ms="34263" started-at="2021-03-31T11:20:51 EAT" finished-at="2021-03-31T11:21:25 EAT">
      <class name="elementSuite.AddRemoveTest">
        <test-method status="PASS" signature="initialize()[pri:0, instance:elementSuite.AddRemoveTest@69b0fd6f]" name="initialize" is-config="true" duration-ms="10286" started-at="2021-03-31T11:20:51 EAT" finished-at="2021-03-31T11:21:01 EAT">
          <reporter-output>
          </reporter-output>
        </test-method> <!-- initialize -->
        <test-method status="PASS" signature="exclusion()[pri:0, instance:elementSuite.AddRemoveTest@69b0fd6f]" name="exclusion" duration-ms="16537" started-at="2021-03-31T11:21:01 EAT" finished-at="2021-03-31T11:21:18 EAT">
          <reporter-output>
          </reporter-output>
        </test-method> <!-- exclusion -->
        <test-method status="PASS" signature="browserClose()[pri:0, instance:elementSuite.AddRemoveTest@69b0fd6f]" name="browserClose" is-config="true" duration-ms="165" started-at="2021-03-31T11:21:18 EAT" finished-at="2021-03-31T11:21:18 EAT">
          <reporter-output>
          </reporter-output>
        </test-method> <!-- browserClose -->
        <test-method status="PASS" signature="initialize()[pri:0, instance:elementSuite.AddRemoveTest@69b0fd6f]" name="initialize" is-config="true" duration-ms="6428" started-at="2021-03-31T11:21:18 EAT" finished-at="2021-03-31T11:21:24 EAT">
          <reporter-output>
          </reporter-output>
        </test-method> <!-- initialize -->
        <test-method status="PASS" signature="inclusion()[pri:0, instance:elementSuite.AddRemoveTest@69b0fd6f]" name="inclusion" duration-ms="679" started-at="2021-03-31T11:21:24 EAT" finished-at="2021-03-31T11:21:25 EAT">
          <reporter-output>
          </reporter-output>
        </test-method> <!-- inclusion -->
        <test-method status="PASS" signature="browserClose()[pri:0, instance:elementSuite.AddRemoveTest@69b0fd6f]" name="browserClose" is-config="true" duration-ms="96" started-at="2021-03-31T11:21:25 EAT" finished-at="2021-03-31T11:21:25 EAT">
          <reporter-output>
          </reporter-output>
        </test-method> <!-- browserClose -->
        <test-method status="PASS" signature="killDriverObject()[pri:0, instance:elementSuite.AddRemoveTest@69b0fd6f]" name="killDriverObject" is-config="true" duration-ms="0" started-at="2021-03-31T11:21:25 EAT" finished-at="2021-03-31T11:21:25 EAT">
          <reporter-output>
          </reporter-output>
        </test-method> <!-- killDriverObject -->
      </class> <!-- elementSuite.AddRemoveTest -->
    </test> <!-- Default test -->
  </suite> <!-- Default suite -->
</testng-results>
