<?xml version="1.0" encoding="UTF-8"?>
<testng-results skipped="0" failed="0" ignored="0" total="3" passed="3">
  <reporter-output>
  </reporter-output>
  <suite name="Default suite" duration-ms="72417" started-at="2021-03-16T14:34:15 EAT" finished-at="2021-03-16T14:35:27 EAT">
    <groups>
    </groups>
    <test name="Default test" duration-ms="72417" started-at="2021-03-16T14:34:15 EAT" finished-at="2021-03-16T14:35:27 EAT">
      <class name="elementSuite.Login">
        <test-method status="PASS" signature="loginFullCreds()[pri:0, instance:elementSuite.Login@34cd072c]" name="loginFullCreds" duration-ms="45492" started-at="2021-03-16T14:34:15 EAT" finished-at="2021-03-16T14:35:00 EAT">
          <reporter-output>
          </reporter-output>
        </test-method> <!-- loginFullCreds -->
        <test-method status="PASS" signature="loginWrongPassword()[pri:0, instance:elementSuite.Login@34cd072c]" name="loginWrongPassword" duration-ms="13757" started-at="2021-03-16T14:35:00 EAT" finished-at="2021-03-16T14:35:14 EAT">
          <reporter-output>
          </reporter-output>
        </test-method> <!-- loginWrongPassword -->
        <test-method status="PASS" signature="loginWrongUserName()[pri:0, instance:elementSuite.Login@34cd072c]" name="loginWrongUserName" duration-ms="13100" started-at="2021-03-16T14:35:14 EAT" finished-at="2021-03-16T14:35:27 EAT">
          <reporter-output>
          </reporter-output>
        </test-method> <!-- loginWrongUserName -->
      </class> <!-- elementSuite.Login -->
    </test> <!-- Default test -->
  </suite> <!-- Default suite -->
</testng-results>
