<?xml version="1.0" encoding="UTF-8"?>
<!-- Generated by org.testng.reporters.JUnitXMLReporter -->
<testsuite ignored="0" hostname="DESKTOP-3PM2OQL" failures="0" tests="4" name="Dynamic Content Test" time="40.067" errors="0" timestamp="2024-04-17T10:40:47 EAT">
  <testcase classname="elementSuite.DynamicContentTest" name="addCheckBox" time="7.265"/>
  <testcase classname="elementSuite.DynamicContentTest" name="disableInputField" time="7.037"/>
  <testcase classname="elementSuite.DynamicContentTest" name="enableInputField" time="3.866"/>
  <testcase classname="elementSuite.DynamicContentTest" name="removeCheckBox" time="4.067"/>
</testsuite> <!-- Dynamic Content Test -->
