<?xml version="1.0" encoding="UTF-8"?>
<!-- Generated by org.testng.reporters.JUnitXMLReporter -->
<testsuite hostname="LT-EONYANGO" ignored="0" name="Dynamic Content Test" tests="4" failures="0" timestamp="2021-03-23T12:33:05 EAT" time="41.627" errors="0">
  <testcase name="addCheckBox" time="6.977" classname="elementSuite.DynamicContentTest"/>
  <testcase name="disableInputField" time="6.815" classname="elementSuite.DynamicContentTest"/>
  <testcase name="enableInputField" time="3.78" classname="elementSuite.DynamicContentTest"/>
  <testcase name="removeCheckBox" time="3.857" classname="elementSuite.DynamicContentTest"/>
</testsuite> <!-- Dynamic Content Test -->
