<?xml version="1.0" encoding="UTF-8"?>
<!-- Generated by org.testng.reporters.JUnitXMLReporter -->
<testsuite ignored="0" hostname="DESKTOP-3PM2OQL" failures="0" tests="3" name="Login Test" time="17.58" errors="0" timestamp="2024-04-17T10:41:14 EAT">
  <testcase classname="elementSuite.LoginTest" name="loginFullCreds" time="1.896"/>
  <testcase classname="elementSuite.LoginTest" name="loginWrongPassword" time="1.913"/>
  <testcase classname="elementSuite.LoginTest" name="loginWrongUserName" time="1.863"/>
</testsuite> <!-- Login Test -->
