<?xml version="1.0" encoding="UTF-8"?>
<!-- Generated by org.testng.reporters.JUnitXMLReporter -->
<testsuite hostname="LT-EONYANGO" ignored="0" name="Login Test" tests="3" failures="0" timestamp="2021-03-23T12:33:38 EAT" time="20.997" errors="0">
  <testcase name="loginFullCreds" time="1.538" classname="elementSuite.LoginTest"/>
  <testcase name="loginWrongPassword" time="1.574" classname="elementSuite.LoginTest"/>
  <testcase name="loginWrongUserName" time="1.47" classname="elementSuite.LoginTest"/>
</testsuite> <!-- Login Test -->
